<?xml version="1.0" encoding="UTF-8"?>
<!-- Generated by org.testng.reporters.JUnitXMLReporter -->
<testsuite hostname="LAPTOP-067IT145" name="E2E chrome" tests="2" failures="1" timestamp="13 Feb 2017 00:56:27 GMT" time="31.181" errors="0">
  <testcase name="IntroPg" time="7.146" classname="testscripts.TC_SoleTrader"/>
  <testcase name="BD" time="1.04" classname="testscripts.TC_BusinessDetails">
    <failure type="java.lang.AssertionError" message="expected [St Andrew Limited] but found [St Andrew LimitedSt Andrew Limited]">
      <![CDATA[java.lang.AssertionError: expected [St Andrew Limited] but found [St Andrew LimitedSt Andrew Limited]
	at utility.TestBase.InputText(TestBase.java:106)
	at testscripts.TC_BusinessDetails.BD(TC_BusinessDetails.java:28)
	at java.util.concurrent.FutureTask.run(FutureTask.java:266)
	at java.util.concurrent.ThreadPoolExecutor.runWorker(ThreadPoolExecutor.java:1142)
	at java.util.concurrent.ThreadPoolExecutor$Worker.run(ThreadPoolExecutor.java:617)
	at java.lang.Thread.run(Thread.java:745)
... Removed 21 stack frames]]>
    </failure>
  </testcase> <!-- BD -->
</testsuite> <!-- E2E chrome -->
