<?xml version="1.0" encoding="UTF-8"?>
<!-- Generated by org.testng.reporters.JUnitXMLReporter -->
<testsuite hostname="LAPTOP-067IT145" name="Default test" tests="2" failures="0" timestamp="14 Mar 2017 08:29:45 GMT" time="0.129" errors="0">
  <testcase name="@BeforeTest browserLaunch" time="0.0" classname="tc.eobao.rbs.RBS_ST1">
    <failure type="org.testng.TestNGException" message="
Parameter &amp;apos;testcaseid&amp;apos; is required by @Configuration on method browserLaunch but has not been marked @Optional or defined
in C:\Users\TOMLIN\AppData\Local\Temp\testng-eclipse-1449553749\testng-customsuite.xml">
      <![CDATA[org.testng.TestNGException: 
Parameter 'testcaseid' is required by @Configuration on method browserLaunch but has not been marked @Optional or defined
in C:\Users\TOMLIN\AppData\Local\Temp\testng-eclipse-1449553749\testng-customsuite.xml
	at org.testng.internal.Parameters.createParameters(Parameters.java:155)
	at org.testng.internal.Parameters.createParameters(Parameters.java:355)
	at org.testng.internal.Parameters.createConfigurationParameters(Parameters.java:86)
	at org.testng.internal.Invoker.invokeConfigurations(Invoker.java:199)
	at org.testng.internal.Invoker.invokeConfigurations(Invoker.java:138)
	at org.testng.TestRunner.beforeRun(TestRunner.java:641)
	at org.testng.TestRunner.run(TestRunner.java:609)
	at org.testng.SuiteRunner.runTest(SuiteRunner.java:334)
	at org.testng.SuiteRunner.runSequentially(SuiteRunner.java:329)
	at org.testng.SuiteRunner.privateRun(SuiteRunner.java:291)
	at org.testng.SuiteRunner.run(SuiteRunner.java:240)
	at org.testng.SuiteRunnerWorker.runSuite(SuiteRunnerWorker.java:52)
	at org.testng.SuiteRunnerWorker.run(SuiteRunnerWorker.java:86)
	at org.testng.TestNG.runSuitesSequentially(TestNG.java:1198)
	at org.testng.TestNG.runSuitesLocally(TestNG.java:1123)
	at org.testng.TestNG.run(TestNG.java:1031)
	at org.testng.remote.AbstractRemoteTestNG.run(AbstractRemoteTestNG.java:132)
	at org.testng.remote.RemoteTestNG.initAndRun(RemoteTestNG.java:236)
	at org.testng.remote.RemoteTestNG.main(RemoteTestNG.java:81)
]]>
    </failure>
  </testcase> <!-- @BeforeTest browserLaunch -->
  <testcase name="@BeforeClass ApplicationLaunch" time="0.0" classname="tc.eobao.rbs.RBS_ST1">
    <skipped/>
  </testcase> <!-- @BeforeClass ApplicationLaunch -->
  <testcase name="@BeforeMethod Beforemethod" time="0.0" classname="tc.eobao.rbs.RBS_ST1">
    <skipped/>
  </testcase> <!-- @BeforeMethod Beforemethod -->
  <testcase name="@AfterMethod Aftermethod" time="0.0" classname="tc.eobao.rbs.RBS_ST1">
    <skipped/>
  </testcase> <!-- @AfterMethod Aftermethod -->
  <testcase name="@AfterClass ExecutionStatusUpdate_browserClose" time="0.0" classname="tc.eobao.rbs.RBS_ST1">
    <skipped/>
  </testcase> <!-- @AfterClass ExecutionStatusUpdate_browserClose -->
  <testcase name="@AfterTest Aftertest" time="0.0" classname="tc.eobao.rbs.RBS_ST1">
    <skipped/>
  </testcase> <!-- @AfterTest Aftertest -->
  <testcase name="Intro" time="0.003" classname="tc.eobao.rbs.RBS_ST1">
    <skipped/>
  </testcase> <!-- Intro -->
  <testcase name="BusinessDetails" time="0.019" classname="tc.eobao.rbs.RBS_ST1">
    <skipped/>
  </testcase> <!-- BusinessDetails -->
</testsuite> <!-- Default test -->
