<?xml version="1.0" encoding="UTF-8"?>
<!-- Generated by org.testng.reporters.JUnitXMLReporter -->
<testsuite hostname="LAPTOP-067IT145" name="Test" tests="2" failures="2" timestamp="11 Mar 2017 02:49:37 GMT" time="7.992" errors="0">
  <testcase name="ChromeTest1" time="0.013" classname="temp.Class1">
    <failure type="java.lang.NullPointerException">
      <![CDATA[java.lang.NullPointerException
	at library.Listener.onTestStart(Listener.java:21)
... Removed 21 stack frames]]>
    </failure>
  </testcase> <!-- ChromeTest1 -->
  <testcase name="ChromeTest1" time="0.034" classname="temp.Class1">
    <failure type="java.lang.NullPointerException">
      <![CDATA[java.lang.NullPointerException
	at library.Listener.onTestFailure(Listener.java:35)
... Removed 21 stack frames]]>
    </failure>
  </testcase> <!-- ChromeTest1 -->
</testsuite> <!-- Test -->
