<?xml version="1.0" encoding="UTF-8"?>
<!-- Generated by org.testng.reporters.JUnitXMLReporter -->
<testsuite hostname="LAPTOP-067IT145" name="Test2" tests="1" failures="1" timestamp="15 Mar 2017 11:25:31 GMT" time="37.239" errors="0">
  <testcase name="soletrader" time="23.508" classname="tc.eobao.rbs.RBS_ST1">
    <failure type="java.lang.AssertionError" message="expected [false] but found [true]">
      <![CDATA[java.lang.AssertionError: expected [false] but found [true]
	at tc.eobao.rbs.RBS_ST1.soletrader(RBS_ST1.java:78)
... Removed 28 stack frames]]>
    </failure>
  </testcase> <!-- soletrader -->
</testsuite> <!-- Test2 -->
