<?xml version="1.0" encoding="UTF-8"?>
<!-- Generated by org.testng.reporters.JUnitXMLReporter -->
<testsuite hostname="LAPTOP-067IT145" name="Test 01" tests="5" failures="1" timestamp="4 Mar 2017 03:03:45 GMT" time="20.152" errors="0">
  <testcase name="@AfterMethod FailedScreenshot" time="0.0" classname="testscripts.SoleTrader">
    <failure type="java.lang.NullPointerException">
      <![CDATA[java.lang.NullPointerException
	at library.TestBase.FailedScreenshot(TestBase.java:101)
... Removed 26 stack frames]]>
    </failure>
  </testcase> <!-- @AfterMethod FailedScreenshot -->
  <testcase name="@AfterClass Teardown" time="0.0" classname="testscripts.SoleTrader">
    <skipped/>
  </testcase> <!-- @AfterClass Teardown -->
  <testcase name="@BeforeClass Setup" time="0.0" classname="testscripts.Redbus">
    <skipped/>
  </testcase> <!-- @BeforeClass Setup -->
  <testcase name="@AfterMethod FailedScreenshot" time="0.0" classname="testscripts.Redbus">
    <skipped/>
  </testcase> <!-- @AfterMethod FailedScreenshot -->
  <testcase name="@AfterClass Teardown" time="0.0" classname="testscripts.Redbus">
    <skipped/>
  </testcase> <!-- @AfterClass Teardown -->
  <testcase name="@BeforeClass Setup" time="0.0" classname="testscripts.SoleTraderDP">
    <skipped/>
  </testcase> <!-- @BeforeClass Setup -->
  <testcase name="@AfterMethod FailedScreenshot" time="0.0" classname="testscripts.SoleTraderDP">
    <skipped/>
  </testcase> <!-- @AfterMethod FailedScreenshot -->
  <testcase name="@AfterMethod FailedScreenshot" time="0.0" classname="testscripts.SoleTraderDP">
    <skipped/>
  </testcase> <!-- @AfterMethod FailedScreenshot -->
  <testcase name="@AfterClass Teardown" time="0.0" classname="testscripts.SoleTraderDP">
    <skipped/>
  </testcase> <!-- @AfterClass Teardown -->
  <testcase name="@BeforeClass Setup" time="0.0" classname="testscripts.FBLoginTC">
    <skipped/>
  </testcase> <!-- @BeforeClass Setup -->
  <testcase name="@AfterMethod FailedScreenshot" time="0.0" classname="testscripts.FBLoginTC">
    <skipped/>
  </testcase> <!-- @AfterMethod FailedScreenshot -->
  <testcase name="@AfterClass Teardown" time="0.0" classname="testscripts.FBLoginTC">
    <skipped/>
  </testcase> <!-- @AfterClass Teardown -->
  <testcase name="@AfterTest TestStatusUpdate" time="0.0" classname="testscripts.SoleTraderDP">
    <skipped/>
  </testcase> <!-- @AfterTest TestStatusUpdate -->
  <testcase name="TC_SoleTrader" time="5.849" classname="testscripts.SoleTrader">
    <failure type="java.lang.NullPointerException">
      <![CDATA[java.lang.NullPointerException
	at org.openqa.selenium.support.pagefactory.internal.LocatingElementHandler.invoke(LocatingElementHandler.java:51)
	at com.sun.proxy.$Proxy10.isDisplayed(Unknown Source)
	at org.openqa.selenium.support.ui.ExpectedConditions.elementIfVisible(ExpectedConditions.java:302)
	at org.openqa.selenium.support.ui.ExpectedConditions.access$100(ExpectedConditions.java:41)
	at org.openqa.selenium.support.ui.ExpectedConditions$10.apply(ExpectedConditions.java:288)
	at org.openqa.selenium.support.ui.ExpectedConditions$10.apply(ExpectedConditions.java:285)
	at org.openqa.selenium.support.ui.FluentWait.until(FluentWait.java:238)
	at library.Utility.WaitTillPageLoads(Utility.java:53)
	at pages.ImportantInfoPg.Validate_Header_IntroPgTitle(ImportantInfoPg.java:45)
	at testscripts.SoleTrader.TC_SoleTrader(SoleTrader.java:31)
... Removed 28 stack frames]]>
    </failure>
  </testcase> <!-- TC_SoleTrader -->
  <testcase name="busTicketSearch" time="0.004" classname="testscripts.Redbus">
    <skipped/>
  </testcase> <!-- busTicketSearch -->
  <testcase name="IntroPg" time="0.007" classname="testscripts.SoleTraderDP">
    <skipped/>
  </testcase> <!-- IntroPg -->
  <testcase name="BD" time="0.012" classname="testscripts.SoleTraderDP">
    <skipped/>
  </testcase> <!-- BD -->
  <testcase name="FBLogin" time="0.003" classname="testscripts.FBLoginTC">
    <skipped/>
  </testcase> <!-- FBLogin -->
</testsuite> <!-- Test 01 -->
