<?xml version="1.0" encoding="UTF-8"?>
<!-- Generated by org.testng.reporters.JUnitXMLReporter -->
<testsuite hostname="LAPTOP-067IT145" name="Test" tests="4" failures="0" timestamp="14 Mar 2017 08:35:37 GMT" time="8.746" errors="0">
  <testcase name="class1test" time="0.062" classname="temp.Class1"/>
  <testcase name="class2test" time="0.003" classname="temp.Class2"/>
  <testcase name="class3test" time="0.002" classname="temp.Class3"/>
  <testcase name="class4test" time="0.003" classname="temp.Class4"/>
</testsuite> <!-- Test -->
