<?xml version="1.0" encoding="UTF-8"?>
<!-- Generated by org.testng.reporters.JUnitXMLReporter -->
<testsuite hostname="LAPTOP-067IT145" name="Test2" tests="2" failures="1" timestamp="14 Mar 2017 08:37:13 GMT" time="35.746" errors="0">
  <testcase name="Intro" time="5.932" classname="tc.eobao.rbs.RBS_ST1"/>
  <testcase name="BusinessDetails" time="9.265" classname="tc.eobao.rbs.RBS_ST1">
    <failure type="java.lang.AssertionError" message="expected [false] but found [true]">
      <![CDATA[java.lang.AssertionError: expected [false] but found [true]
	at tc.eobao.rbs.RBS_ST1.BusinessDetails(RBS_ST1.java:84)
... Removed 28 stack frames]]>
    </failure>
  </testcase> <!-- BusinessDetails -->
</testsuite> <!-- Test2 -->
