<?xml version="1.0" encoding="UTF-8"?>
<!-- Generated by org.testng.reporters.JUnitXMLReporter -->
<testsuite hostname="LAPTOP-067IT145" name="Test1" tests="4" failures="0" timestamp="12 Mar 2017 01:17:06 GMT" time="54.662" errors="0">
  <testcase name="Intro" time="11.301" classname="tc.eobao.rbs.Rbs_st1"/>
  <testcase name="BusinessDetails" time="20.522" classname="tc.eobao.rbs.Rbs_st1"/>
  <testcase name="test10" time="0.021" classname="tc.eobao.rbs.Rbs_st2"/>
  <testcase name="test11" time="0.004" classname="tc.eobao.rbs.Rbs_st2"/>
</testsuite> <!-- Test1 -->
