<?xml version="1.0" encoding="UTF-8"?>
<!-- Generated by org.testng.reporters.JUnitXMLReporter -->
<testsuite hostname="LAPTOP-067IT145" name="Test 01" tests="5" failures="0" timestamp="28 Feb 2017 01:17:57 GMT" time="102.098" errors="0">
  <testcase name="TC_SoleTrader" time="31.658" classname="testscripts.SoleTrader"/>
  <testcase name="busTicketSearch" time="9.917" classname="testscripts.Redbus"/>
  <testcase name="IntroPg" time="12.343" classname="testscripts.SoleTraderDP"/>
  <testcase name="BD" time="5.084" classname="testscripts.SoleTraderDP"/>
  <testcase name="FBLogin" time="15.634" classname="testscripts.FBLoginTC"/>
</testsuite> <!-- Test 01 -->
