<?xml version="1.0" encoding="UTF-8"?>
<!-- Generated by org.testng.reporters.JUnitXMLReporter -->
<testsuite hostname="LAPTOP-067IT145" name="Test" tests="2" failures="1" timestamp="14 Mar 2017 08:15:07 GMT" time="4.238" errors="0">
  <testcase name="class1test" time="0.02" classname="temp.Class1"/>
  <testcase name="class1test" time="0.041" classname="temp.Class1">
    <failure type="java.lang.NullPointerException">
      <![CDATA[java.lang.NullPointerException
	at tc.eobao.rbs.Listener.onTestSuccess(Listener.java:24)
	at org.apache.maven.surefire.testng.TestNGExecutor.run(TestNGExecutor.java:281)
	at org.apache.maven.surefire.testng.TestNGXmlTestSuite.execute(TestNGXmlTestSuite.java:75)
	at org.apache.maven.surefire.testng.TestNGProvider.invoke(TestNGProvider.java:121)
	at org.apache.maven.surefire.booter.ForkedBooter.invokeProviderInSameClassLoader(ForkedBooter.java:290)
	at org.apache.maven.surefire.booter.ForkedBooter.runSuitesInProcess(ForkedBooter.java:242)
	at org.apache.maven.surefire.booter.ForkedBooter.main(ForkedBooter.java:121)
... Removed 18 stack frames]]>
    </failure>
  </testcase> <!-- class1test -->
</testsuite> <!-- Test -->
