<?xml version="1.0" encoding="UTF-8"?>
<!-- Generated by org.testng.reporters.JUnitXMLReporter -->
<testsuite hostname="LAPTOP-067IT145" name="Test 01" tests="6" failures="0" timestamp="25 Feb 2017 01:59:31 GMT" time="102.96" errors="0">
  <testcase name="IntroPg" time="17.038" classname="testscripts.SoleTrader"/>
  <testcase name="BD" time="14.358" classname="testscripts.SoleTrader"/>
  <testcase name="busTicketSearch" time="8.284" classname="testscripts.Redbus"/>
  <testcase name="IntroPg" time="12.597" classname="testscripts.SoleTraderDP"/>
  <testcase name="BD" time="5.622" classname="testscripts.SoleTraderDP"/>
  <testcase name="FBLogin" time="16.832" classname="testscripts.FBLoginTC"/>
</testsuite> <!-- Test 01 -->
