<?xml version="1.0" encoding="UTF-8"?>
<testng-results skipped="0" failed="1" total="6" passed="5">
  <reporter-output>
  </reporter-output>
  <suite name="Suite" duration-ms="133640" started-at="2017-03-12T01:42:57Z" finished-at="2017-03-12T01:45:11Z">
    <groups>
    </groups>
    <test name="Test1" duration-ms="48598" started-at="2017-03-12T01:42:57Z" finished-at="2017-03-12T01:43:46Z">
      <class name="tc.eobao.rbs.RBS_ST1">
        <test-method status="PASS" signature="browserLaunch(java.lang.String, java.lang.String)[pri:0, instance:tc.eobao.rbs.RBS_ST1@3cbbc1e0]" name="browserLaunch" is-config="true" duration-ms="9348" started-at="2017-03-11T17:42:57Z" finished-at="2017-03-11T17:43:07Z">
          <params>
            <param index="0">
              <value>
                <![CDATA[TC001]]>
              </value>
            </param>
            <param index="1">
              <value>
                <![CDATA[Chrome]]>
              </value>
            </param>
          </params>
          <reporter-output>
          </reporter-output>
        </test-method> <!-- browserLaunch -->
        <test-method status="PASS" signature="ApplicationLaunch()[pri:0, instance:tc.eobao.rbs.RBS_ST1@3cbbc1e0]" name="ApplicationLaunch" is-config="true" duration-ms="6478" started-at="2017-03-11T17:43:07Z" finished-at="2017-03-11T17:43:13Z">
          <reporter-output>
          </reporter-output>
        </test-method> <!-- ApplicationLaunch -->
        <test-method status="PASS" signature="BeforeMethod()[pri:0, instance:tc.eobao.rbs.RBS_ST1@3cbbc1e0]" name="BeforeMethod" is-config="true" duration-ms="1" started-at="2017-03-11T17:43:13Z" finished-at="2017-03-11T17:43:13Z">
          <reporter-output>
          </reporter-output>
        </test-method> <!-- BeforeMethod -->
        <test-method status="PASS" signature="Intro(java.lang.String, java.lang.String)[pri:0, instance:tc.eobao.rbs.RBS_ST1@3cbbc1e0]" name="Intro" duration-ms="12431" started-at="2017-03-11T17:43:13Z" finished-at="2017-03-11T17:43:26Z">
          <params>
            <param index="0">
              <value>
                <![CDATA[TC001]]>
              </value>
            </param>
            <param index="1">
              <value>
                <![CDATA[Chrome]]>
              </value>
            </param>
          </params>
          <reporter-output>
          </reporter-output>
        </test-method> <!-- Intro -->
        <test-method status="PASS" signature="BeforeMethod()[pri:0, instance:tc.eobao.rbs.RBS_ST1@3cbbc1e0]" name="BeforeMethod" is-config="true" duration-ms="1" started-at="2017-03-11T17:43:26Z" finished-at="2017-03-11T17:43:26Z">
          <reporter-output>
          </reporter-output>
        </test-method> <!-- BeforeMethod -->
        <test-method status="PASS" signature="BusinessDetails()[pri:0, instance:tc.eobao.rbs.RBS_ST1@3cbbc1e0]" name="BusinessDetails" duration-ms="17650" started-at="2017-03-11T17:43:26Z" finished-at="2017-03-11T17:43:43Z">
          <reporter-output>
          </reporter-output>
        </test-method> <!-- BusinessDetails -->
        <test-method status="PASS" signature="ExecutionStatusUpdate()[pri:0, instance:tc.eobao.rbs.RBS_ST1@3cbbc1e0]" name="ExecutionStatusUpdate" is-config="true" duration-ms="933" started-at="2017-03-11T17:43:43Z" finished-at="2017-03-11T17:43:44Z">
          <reporter-output>
          </reporter-output>
        </test-method> <!-- ExecutionStatusUpdate -->
        <test-method status="PASS" signature="browserClose()[pri:0, instance:tc.eobao.rbs.RBS_ST1@3cbbc1e0]" name="browserClose" is-config="true" duration-ms="1711" started-at="2017-03-11T17:43:44Z" finished-at="2017-03-11T17:43:46Z">
          <reporter-output>
          </reporter-output>
        </test-method> <!-- browserClose -->
      </class> <!-- tc.eobao.rbs.RBS_ST1 -->
    </test> <!-- Test1 -->
    <test name="Test2" duration-ms="43839" started-at="2017-03-12T01:43:46Z" finished-at="2017-03-12T01:44:30Z">
      <class name="tc.eobao.rbs.RBS_ST1">
        <test-method status="PASS" signature="browserLaunch(java.lang.String, java.lang.String)[pri:0, instance:tc.eobao.rbs.RBS_ST1@6574b225]" name="browserLaunch" is-config="true" duration-ms="15432" started-at="2017-03-11T17:43:46Z" finished-at="2017-03-11T17:44:02Z">
          <params>
            <param index="0">
              <value>
                <![CDATA[TC003]]>
              </value>
            </param>
            <param index="1">
              <value>
                <![CDATA[Firefox]]>
              </value>
            </param>
          </params>
          <reporter-output>
          </reporter-output>
        </test-method> <!-- browserLaunch -->
        <test-method status="PASS" signature="ApplicationLaunch()[pri:0, instance:tc.eobao.rbs.RBS_ST1@6574b225]" name="ApplicationLaunch" is-config="true" duration-ms="10977" started-at="2017-03-11T17:44:02Z" finished-at="2017-03-11T17:44:13Z">
          <reporter-output>
          </reporter-output>
        </test-method> <!-- ApplicationLaunch -->
        <test-method status="PASS" signature="Intro(java.lang.String, java.lang.String)[pri:0, instance:tc.eobao.rbs.RBS_ST1@6574b225]" name="Intro" duration-ms="6158" started-at="2017-03-11T17:44:13Z" finished-at="2017-03-11T17:44:19Z">
          <params>
            <param index="0">
              <value>
                <![CDATA[TC003]]>
              </value>
            </param>
            <param index="1">
              <value>
                <![CDATA[Firefox]]>
              </value>
            </param>
          </params>
          <reporter-output>
          </reporter-output>
        </test-method> <!-- Intro -->
        <test-method status="PASS" signature="BeforeMethod()[pri:0, instance:tc.eobao.rbs.RBS_ST1@6574b225]" name="BeforeMethod" is-config="true" duration-ms="0" started-at="2017-03-11T17:44:13Z" finished-at="2017-03-11T17:44:13Z">
          <reporter-output>
          </reporter-output>
        </test-method> <!-- BeforeMethod -->
        <test-method status="FAIL" signature="BusinessDetails()[pri:0, instance:tc.eobao.rbs.RBS_ST1@6574b225]" name="BusinessDetails" duration-ms="8715" started-at="2017-03-11T17:44:19Z" finished-at="2017-03-11T17:44:27Z">
          <exception class="java.lang.AssertionError">
            <message>
              <![CDATA[expected [false] but found [true]]]>
            </message>
            <full-stacktrace>
              <![CDATA[java.lang.AssertionError: expected [false] but found [true]
	at org.testng.Assert.fail(Assert.java:94)
	at org.testng.Assert.failNotEquals(Assert.java:494)
	at org.testng.Assert.assertFalse(Assert.java:63)
	at org.testng.Assert.assertFalse(Assert.java:73)
	at tc.eobao.rbs.RBS_ST1.BusinessDetails(RBS_ST1.java:82)
	at sun.reflect.NativeMethodAccessorImpl.invoke0(Native Method)
	at sun.reflect.NativeMethodAccessorImpl.invoke(NativeMethodAccessorImpl.java:62)
	at sun.reflect.DelegatingMethodAccessorImpl.invoke(DelegatingMethodAccessorImpl.java:43)
	at java.lang.reflect.Method.invoke(Method.java:498)
	at org.testng.internal.MethodInvocationHelper.invokeMethod(MethodInvocationHelper.java:80)
	at org.testng.internal.Invoker.invokeMethod(Invoker.java:714)
	at org.testng.internal.Invoker.invokeTestMethod(Invoker.java:901)
	at org.testng.internal.Invoker.invokeTestMethods(Invoker.java:1231)
	at org.testng.internal.TestMethodWorker.invokeTestMethods(TestMethodWorker.java:127)
	at org.testng.internal.TestMethodWorker.run(TestMethodWorker.java:111)
	at org.testng.TestRunner.privateRun(TestRunner.java:767)
	at org.testng.TestRunner.run(TestRunner.java:617)
	at org.testng.SuiteRunner.runTest(SuiteRunner.java:334)
	at org.testng.SuiteRunner.runSequentially(SuiteRunner.java:329)
	at org.testng.SuiteRunner.privateRun(SuiteRunner.java:291)
	at org.testng.SuiteRunner.run(SuiteRunner.java:240)
	at org.testng.SuiteRunnerWorker.runSuite(SuiteRunnerWorker.java:52)
	at org.testng.SuiteRunnerWorker.run(SuiteRunnerWorker.java:86)
	at org.testng.TestNG.runSuitesSequentially(TestNG.java:1198)
	at org.testng.TestNG.runSuitesLocally(TestNG.java:1123)
	at org.testng.TestNG.run(TestNG.java:1031)
	at org.apache.maven.surefire.testng.TestNGExecutor.run(TestNGExecutor.java:281)
	at org.apache.maven.surefire.testng.TestNGXmlTestSuite.execute(TestNGXmlTestSuite.java:75)
	at org.apache.maven.surefire.testng.TestNGProvider.invoke(TestNGProvider.java:121)
	at org.apache.maven.surefire.booter.ForkedBooter.invokeProviderInSameClassLoader(ForkedBooter.java:290)
	at org.apache.maven.surefire.booter.ForkedBooter.runSuitesInProcess(ForkedBooter.java:242)
	at org.apache.maven.surefire.booter.ForkedBooter.main(ForkedBooter.java:121)
]]>
            </full-stacktrace>
          </exception> <!-- java.lang.AssertionError -->
          <reporter-output>
          </reporter-output>
        </test-method> <!-- BusinessDetails -->
        <test-method status="PASS" signature="BeforeMethod()[pri:0, instance:tc.eobao.rbs.RBS_ST1@6574b225]" name="BeforeMethod" is-config="true" duration-ms="0" started-at="2017-03-11T17:44:19Z" finished-at="2017-03-11T17:44:19Z">
          <reporter-output>
          </reporter-output>
        </test-method> <!-- BeforeMethod -->
        <test-method status="PASS" signature="ExecutionStatusUpdate()[pri:0, instance:tc.eobao.rbs.RBS_ST1@6574b225]" name="ExecutionStatusUpdate" is-config="true" duration-ms="243" started-at="2017-03-11T17:44:28Z" finished-at="2017-03-11T17:44:28Z">
          <reporter-output>
          </reporter-output>
        </test-method> <!-- ExecutionStatusUpdate -->
        <test-method status="PASS" signature="browserClose()[pri:0, instance:tc.eobao.rbs.RBS_ST1@6574b225]" name="browserClose" is-config="true" duration-ms="1948" started-at="2017-03-11T17:44:28Z" finished-at="2017-03-11T17:44:30Z">
          <reporter-output>
          </reporter-output>
        </test-method> <!-- browserClose -->
      </class> <!-- tc.eobao.rbs.RBS_ST1 -->
    </test> <!-- Test2 -->
    <test name="Test3" duration-ms="41005" started-at="2017-03-12T01:44:30Z" finished-at="2017-03-12T01:45:11Z">
      <class name="tc.eobao.rbs.RBS_ST1">
        <test-method status="PASS" signature="browserLaunch(java.lang.String, java.lang.String)[pri:0, instance:tc.eobao.rbs.RBS_ST1@6a024a67]" name="browserLaunch" is-config="true" duration-ms="3977" started-at="2017-03-11T17:44:30Z" finished-at="2017-03-11T17:44:34Z">
          <params>
            <param index="0">
              <value>
                <![CDATA[TC002]]>
              </value>
            </param>
            <param index="1">
              <value>
                <![CDATA[Chrome]]>
              </value>
            </param>
          </params>
          <reporter-output>
          </reporter-output>
        </test-method> <!-- browserLaunch -->
        <test-method status="PASS" signature="ApplicationLaunch()[pri:0, instance:tc.eobao.rbs.RBS_ST1@6a024a67]" name="ApplicationLaunch" is-config="true" duration-ms="7163" started-at="2017-03-11T17:44:34Z" finished-at="2017-03-11T17:44:41Z">
          <reporter-output>
          </reporter-output>
        </test-method> <!-- ApplicationLaunch -->
        <test-method status="PASS" signature="Intro(java.lang.String, java.lang.String)[pri:0, instance:tc.eobao.rbs.RBS_ST1@6a024a67]" name="Intro" duration-ms="9106" started-at="2017-03-11T17:44:41Z" finished-at="2017-03-11T17:44:50Z">
          <params>
            <param index="0">
              <value>
                <![CDATA[TC002]]>
              </value>
            </param>
            <param index="1">
              <value>
                <![CDATA[Chrome]]>
              </value>
            </param>
          </params>
          <reporter-output>
          </reporter-output>
        </test-method> <!-- Intro -->
        <test-method status="PASS" signature="BeforeMethod()[pri:0, instance:tc.eobao.rbs.RBS_ST1@6a024a67]" name="BeforeMethod" is-config="true" duration-ms="0" started-at="2017-03-11T17:44:41Z" finished-at="2017-03-11T17:44:41Z">
          <reporter-output>
          </reporter-output>
        </test-method> <!-- BeforeMethod -->
        <test-method status="PASS" signature="BusinessDetails()[pri:0, instance:tc.eobao.rbs.RBS_ST1@6a024a67]" name="BusinessDetails" duration-ms="19344" started-at="2017-03-11T17:44:50Z" finished-at="2017-03-11T17:45:10Z">
          <reporter-output>
          </reporter-output>
        </test-method> <!-- BusinessDetails -->
        <test-method status="PASS" signature="BeforeMethod()[pri:0, instance:tc.eobao.rbs.RBS_ST1@6a024a67]" name="BeforeMethod" is-config="true" duration-ms="0" started-at="2017-03-11T17:44:50Z" finished-at="2017-03-11T17:44:50Z">
          <reporter-output>
          </reporter-output>
        </test-method> <!-- BeforeMethod -->
        <test-method status="PASS" signature="ExecutionStatusUpdate()[pri:0, instance:tc.eobao.rbs.RBS_ST1@6a024a67]" name="ExecutionStatusUpdate" is-config="true" duration-ms="202" started-at="2017-03-11T17:45:10Z" finished-at="2017-03-11T17:45:10Z">
          <reporter-output>
          </reporter-output>
        </test-method> <!-- ExecutionStatusUpdate -->
        <test-method status="PASS" signature="browserClose()[pri:0, instance:tc.eobao.rbs.RBS_ST1@6a024a67]" name="browserClose" is-config="true" duration-ms="1211" started-at="2017-03-11T17:45:10Z" finished-at="2017-03-11T17:45:11Z">
          <reporter-output>
          </reporter-output>
        </test-method> <!-- browserClose -->
      </class> <!-- tc.eobao.rbs.RBS_ST1 -->
    </test> <!-- Test3 -->
  </suite> <!-- Suite -->
</testng-results>
