<?xml version="1.0" encoding="UTF-8"?>
<testsuite xmlns:xsi="http://www.w3.org/2001/XMLSchema-instance" xsi:schemaLocation="https://maven.apache.org/surefire/maven-surefire-plugin/xsd/surefire-test-report.xsd" name="TestSuite" time="110.397" tests="8" errors="0" skipped="0" failures="0">
  <properties>
[...]
</properties>
  <testcase name="IntroPg" classname="testscripts.SoleTrader" time="15.291"/>
  <testcase name="IntroPg" classname="testscripts.SoleTrader" time="9.631"/>
  <testcase name="BD" classname="testscripts.SoleTrader" time="5.985"/>
  <testcase name="BD" classname="testscripts.SoleTrader" time="5.85"/>
  <testcase name="IntroPg" classname="testscripts.SoleTrader_DataProvider" time="11.761"/>
  <testcase name="IntroPg" classname="testscripts.SoleTrader_DataProvider" time="7.898"/>
  <testcase name="BD" classname="testscripts.SoleTrader_DataProvider" time="4.468"/>
  <testcase name="BD" classname="testscripts.SoleTrader_DataProvider" time="2.954"/>
</testsuite>