<?xml version="1.0" encoding="UTF-8"?>
<testng-results skipped="0" failed="0" total="6" passed="6">
  <reporter-output>
  </reporter-output>
  <suite name="Suite" duration-ms="102960" started-at="2017-02-25T01:57:48Z" finished-at="2017-02-25T01:59:31Z">
    <groups>
    </groups>
    <test name="Test 01" duration-ms="102960" started-at="2017-02-25T01:57:48Z" finished-at="2017-02-25T01:59:31Z">
      <class name="testscripts.FBLoginTC">
        <test-method status="PASS" signature="Setup(java.lang.String)[pri:0, instance:testscripts.FBLoginTC@36f6e879]" name="Setup" is-config="true" duration-ms="3857" started-at="2017-02-24T17:59:08Z" finished-at="2017-02-24T17:59:12Z">
          <params>
            <param index="0">
              <value>
                <![CDATA[Chrome]]>
              </value>
            </param>
          </params>
          <reporter-output>
          </reporter-output>
        </test-method> <!-- Setup -->
        <test-method status="PASS" signature="FBLogin(java.lang.String, java.lang.String)[pri:0, instance:testscripts.FBLoginTC@36f6e879]" name="FBLogin" duration-ms="16832" started-at="2017-02-24T17:59:12Z" finished-at="2017-02-24T17:59:29Z">
          <params>
            <param index="0">
              <value>
                <![CDATA[TC002]]>
              </value>
            </param>
            <param index="1">
              <value>
                <![CDATA[Chrome]]>
              </value>
            </param>
          </params>
          <reporter-output>
          </reporter-output>
        </test-method> <!-- FBLogin -->
        <test-method status="PASS" signature="FailedScreenshot(org.testng.ITestResult)[pri:0, instance:testscripts.FBLoginTC@36f6e879]" name="FailedScreenshot" is-config="true" duration-ms="0" started-at="2017-02-24T17:59:29Z" finished-at="2017-02-24T17:59:29Z">
          <params>
            <param index="0">
              <value>
                <![CDATA[[TestResult name=FBLogin status=SUCCESS method=FBLoginTC.FBLogin(java.lang.String, java.lang.String)[pri:0, instance:testscripts.FBLoginTC@36f6e879] output={null}]]]>
              </value>
            </param>
          </params>
          <reporter-output>
          </reporter-output>
        </test-method> <!-- FailedScreenshot -->
        <test-method status="PASS" signature="Teardown()[pri:0, instance:testscripts.FBLoginTC@36f6e879]" name="Teardown" is-config="true" duration-ms="1515" started-at="2017-02-24T17:59:29Z" finished-at="2017-02-24T17:59:31Z">
          <reporter-output>
          </reporter-output>
        </test-method> <!-- Teardown -->
      </class> <!-- testscripts.FBLoginTC -->
      <class name="testscripts.SoleTrader">
        <test-method status="PASS" signature="Setup(java.lang.String)[pri:0, instance:testscripts.SoleTrader@15975490]" name="Setup" is-config="true" duration-ms="6841" started-at="2017-02-24T17:57:48Z" finished-at="2017-02-24T17:57:54Z">
          <params>
            <param index="0">
              <value>
                <![CDATA[Chrome]]>
              </value>
            </param>
          </params>
          <reporter-output>
          </reporter-output>
        </test-method> <!-- Setup -->
        <test-method status="PASS" signature="IntroPg(java.lang.String, java.lang.String)[pri:0, instance:testscripts.SoleTrader@15975490]" name="IntroPg" duration-ms="17038" started-at="2017-02-24T17:57:55Z" finished-at="2017-02-24T17:58:12Z">
          <params>
            <param index="0">
              <value>
                <![CDATA[TC002]]>
              </value>
            </param>
            <param index="1">
              <value>
                <![CDATA[Chrome]]>
              </value>
            </param>
          </params>
          <reporter-output>
          </reporter-output>
        </test-method> <!-- IntroPg -->
        <test-method status="PASS" signature="FailedScreenshot(org.testng.ITestResult)[pri:0, instance:testscripts.SoleTrader@15975490]" name="FailedScreenshot" is-config="true" duration-ms="1" started-at="2017-02-24T17:58:12Z" finished-at="2017-02-24T17:58:12Z">
          <params>
            <param index="0">
              <value>
                <![CDATA[[TestResult name=IntroPg status=SUCCESS method=SoleTrader.IntroPg(java.lang.String, java.lang.String)[pri:0, instance:testscripts.SoleTrader@15975490] output={null}]]]>
              </value>
            </param>
          </params>
          <reporter-output>
          </reporter-output>
        </test-method> <!-- FailedScreenshot -->
        <test-method status="PASS" signature="BD()[pri:0, instance:testscripts.SoleTrader@15975490]" name="BD" duration-ms="14358" started-at="2017-02-24T17:58:12Z" finished-at="2017-02-24T17:58:26Z">
          <reporter-output>
          </reporter-output>
        </test-method> <!-- BD -->
        <test-method status="PASS" signature="FailedScreenshot(org.testng.ITestResult)[pri:0, instance:testscripts.SoleTrader@15975490]" name="FailedScreenshot" is-config="true" duration-ms="1" started-at="2017-02-24T17:58:26Z" finished-at="2017-02-24T17:58:26Z">
          <params>
            <param index="0">
              <value>
                <![CDATA[[TestResult name=BD status=SUCCESS method=SoleTrader.BD()[pri:0, instance:testscripts.SoleTrader@15975490] output={null}]]]>
              </value>
            </param>
          </params>
          <reporter-output>
          </reporter-output>
        </test-method> <!-- FailedScreenshot -->
        <test-method status="PASS" signature="Teardown()[pri:0, instance:testscripts.SoleTrader@15975490]" name="Teardown" is-config="true" duration-ms="2650" started-at="2017-02-24T17:58:26Z" finished-at="2017-02-24T17:58:29Z">
          <reporter-output>
          </reporter-output>
        </test-method> <!-- Teardown -->
      </class> <!-- testscripts.SoleTrader -->
      <class name="testscripts.Redbus">
        <test-method status="PASS" signature="Setup(java.lang.String)[pri:0, instance:testscripts.Redbus@54a097cc]" name="Setup" is-config="true" duration-ms="4175" started-at="2017-02-24T17:58:29Z" finished-at="2017-02-24T17:58:33Z">
          <params>
            <param index="0">
              <value>
                <![CDATA[Chrome]]>
              </value>
            </param>
          </params>
          <reporter-output>
          </reporter-output>
        </test-method> <!-- Setup -->
        <test-method status="PASS" signature="busTicketSearch(java.lang.String)[pri:0, instance:testscripts.Redbus@54a097cc]" name="busTicketSearch" duration-ms="8284" started-at="2017-02-24T17:58:33Z" finished-at="2017-02-24T17:58:41Z">
          <params>
            <param index="0">
              <value>
                <![CDATA[Chrome]]>
              </value>
            </param>
          </params>
          <reporter-output>
          </reporter-output>
        </test-method> <!-- busTicketSearch -->
        <test-method status="PASS" signature="FailedScreenshot(org.testng.ITestResult)[pri:0, instance:testscripts.Redbus@54a097cc]" name="FailedScreenshot" is-config="true" duration-ms="1" started-at="2017-02-24T17:58:41Z" finished-at="2017-02-24T17:58:41Z">
          <params>
            <param index="0">
              <value>
                <![CDATA[[TestResult name=busTicketSearch status=SUCCESS method=Redbus.busTicketSearch(java.lang.String)[pri:0, instance:testscripts.Redbus@54a097cc] output={null}]]]>
              </value>
            </param>
          </params>
          <reporter-output>
          </reporter-output>
        </test-method> <!-- FailedScreenshot -->
        <test-method status="PASS" signature="Teardown()[pri:0, instance:testscripts.Redbus@54a097cc]" name="Teardown" is-config="true" duration-ms="1537" started-at="2017-02-24T17:58:41Z" finished-at="2017-02-24T17:58:43Z">
          <reporter-output>
          </reporter-output>
        </test-method> <!-- Teardown -->
      </class> <!-- testscripts.Redbus -->
      <class name="testscripts.SoleTraderDP">
        <test-method status="PASS" signature="Setup(java.lang.String)[pri:0, instance:testscripts.SoleTraderDP@7225790e]" name="Setup" is-config="true" duration-ms="3875" started-at="2017-02-24T17:58:43Z" finished-at="2017-02-24T17:58:46Z">
          <params>
            <param index="0">
              <value>
                <![CDATA[Chrome]]>
              </value>
            </param>
          </params>
          <reporter-output>
          </reporter-output>
        </test-method> <!-- Setup -->
        <test-method status="PASS" signature="IntroPg(java.lang.String, java.lang.String, java.lang.String, java.lang.String, java.lang.String, java.lang.String, java.lang.String, java.lang.String, java.lang.String, java.lang.String, java.lang.String)[pri:0, instance:testscripts.SoleTraderDP@7225790e]" name="IntroPg" duration-ms="12597" started-at="2017-02-24T17:58:48Z" data-provider="IntroPg" finished-at="2017-02-24T17:59:00Z">
          <params>
            <param index="0">
              <value>
                <![CDATA[Important Information]]>
              </value>
            </param>
            <param index="1">
              <value>
                <![CDATA[This is stage 1 of 5. Please do not use your browser's 'back' button to move back or you may lose some of the information you have already entered.]]>
              </value>
            </param>
            <param index="2">
              <value>
                <![CDATA[Thank you for choosing a RBS Business Account.]]>
              </value>
            </param>
            <param index="3">
              <value>
                <![CDATA[Please read the information below before proceeding to apply]]>
              </value>
            </param>
            <param index="4">
              <value>
                <![CDATA[It will take you approx. 20 minutes to fill this application out.]]>
              </value>
            </param>
            <param index="5">
              <value>
                <![CDATA[The following application is for New Business Banking Customers only - if you wish to open a new account for an existing Business Account please contact - call DIRECT BANKING FOR BUSINESS 0345 6002230.]]>
              </value>
            </param>
            <param index="6">
              <value>
                <![CDATA[We will ask you for information about yourself and your business therefore please have this to hand as you are unable to save part way through. Personal information required, Name, Address & Date of entry, Previous Address if less than 3 years. Date of Birth & Country of Birth, years of experience in this role and any countries you are registered for tax purposes.]]>
              </value>
            </param>
            <param index="7">
              <value>
                <![CDATA[Please ensure you complete accurately as incorrect information may delay your application.]]>
              </value>
            </param>
            <param index="8">
              <value>
                <![CDATA[You will receive a phone call/email from one of our Business Specialists in order to confirm the information submitted and ensure we fully understand what your business is about and how we can support.]]>
              </value>
            </param>
            <param index="9">
              <value>
                <![CDATA[We will then post or email your documents for signing. If we require ID you will need to visit one of our branches.]]>
              </value>
            </param>
            <param index="10">
              <value>
                <![CDATA[Once we receive your signed application, assuming all is ok, we will open the account and advise you of your account number.]]>
              </value>
            </param>
          </params>
          <reporter-output>
          </reporter-output>
        </test-method> <!-- IntroPg -->
        <test-method status="PASS" signature="FailedScreenshot(org.testng.ITestResult)[pri:0, instance:testscripts.SoleTraderDP@7225790e]" name="FailedScreenshot" is-config="true" duration-ms="0" started-at="2017-02-24T17:59:00Z" finished-at="2017-02-24T17:59:00Z">
          <params>
            <param index="0">
              <value>
                <![CDATA[[TestResult name=IntroPg status=SUCCESS method=SoleTraderDP.IntroPg(java.lang.String, java.lang.String, java.lang.String, java.lang.String, java.lang.String, java.lang.String, java.lang.String, java.lang.String, java.lang.String, java.lang.String, java.lang.String)[pri:0, instance:testscripts.SoleTraderDP@7225790e] output={null}]]]>
              </value>
            </param>
          </params>
          <reporter-output>
          </reporter-output>
        </test-method> <!-- FailedScreenshot -->
        <test-method status="PASS" signature="BD(java.lang.String, java.lang.String, java.lang.String, java.lang.String, java.lang.String, java.lang.String, java.lang.String, java.lang.String, java.lang.String, java.lang.String, java.lang.String)[pri:0, instance:testscripts.SoleTraderDP@7225790e]" name="BD" duration-ms="5622" started-at="2017-02-24T17:59:01Z" data-provider="BusinessDetailsPg" finished-at="2017-02-24T17:59:07Z">
          <params>
            <param index="0">
              <value>
                <![CDATA[St Andrew Limited]]>
              </value>
            </param>
            <param index="1">
              <value>
                <![CDATA[123456789]]>
              </value>
            </param>
            <param index="2">
              <value>
                <![CDATA[test.test@test.com]]>
              </value>
            </param>
            <param index="3">
              <value>
                <![CDATA[07111234111]]>
              </value>
            </param>
            <param index="4">
              <value>
                <![CDATA[30]]>
              </value>
            </param>
            <param index="5">
              <value>
                <![CDATA[Neilarmstrong Street]]>
              </value>
            </param>
            <param index="6">
              <value>
                <![CDATA[Los Angeles]]>
              </value>
            </param>
            <param index="7">
              <value>
                <![CDATA[Montebello]]>
              </value>
            </param>
            <param index="8">
              <value>
                <![CDATA[E126SE]]>
              </value>
            </param>
            <param index="9">
              <value>
                <![CDATA[Andrews]]>
              </value>
            </param>
            <param index="10">
              <value>
                <![CDATA[Trading Address]]>
              </value>
            </param>
          </params>
          <reporter-output>
          </reporter-output>
        </test-method> <!-- BD -->
        <test-method status="PASS" signature="Teardown()[pri:0, instance:testscripts.SoleTraderDP@7225790e]" name="Teardown" is-config="true" duration-ms="1579" started-at="2017-02-24T17:59:07Z" finished-at="2017-02-24T17:59:08Z">
          <reporter-output>
          </reporter-output>
        </test-method> <!-- Teardown -->
        <test-method status="PASS" signature="FailedScreenshot(org.testng.ITestResult)[pri:0, instance:testscripts.SoleTraderDP@7225790e]" name="FailedScreenshot" is-config="true" duration-ms="0" started-at="2017-02-24T17:59:07Z" finished-at="2017-02-24T17:59:07Z">
          <params>
            <param index="0">
              <value>
                <![CDATA[[TestResult name=BD status=SUCCESS method=SoleTraderDP.BD(java.lang.String, java.lang.String, java.lang.String, java.lang.String, java.lang.String, java.lang.String, java.lang.String, java.lang.String, java.lang.String, java.lang.String, java.lang.String)[pri:0, instance:testscripts.SoleTraderDP@7225790e] output={null}]]]>
              </value>
            </param>
          </params>
          <reporter-output>
          </reporter-output>
        </test-method> <!-- FailedScreenshot -->
      </class> <!-- testscripts.SoleTraderDP -->
    </test> <!-- Test 01 -->
  </suite> <!-- Suite -->
</testng-results>
