-------------------------------------------------------------------------------
Test set: TestSuite
-------------------------------------------------------------------------------
Tests run: 6, Failures: 1, Errors: 0, Skipped: 0, Time elapsed: 135.716 sec <<< FAILURE! - in TestSuite
BusinessDetails(tc.eobao.rbs.RBS_ST1)  Time elapsed: 8.733 sec  <<< FAILURE!
java.lang.AssertionError: expected [false] but found [true]
	at tc.eobao.rbs.RBS_ST1.BusinessDetails(RBS_ST1.java:82)

