<?xml version="1.0" encoding="UTF-8"?>
<testng-results skipped="0" failed="0" total="1" passed="1">
  <reporter-output>
  </reporter-output>
  <suite name="HeaderSuite" duration-ms="18957" started-at="2017-02-11T00:15:20Z" finished-at="2017-02-11T00:15:39Z">
    <groups>
    </groups>
    <test name="HeaderTest" duration-ms="18957" started-at="2017-02-11T00:15:20Z" finished-at="2017-02-11T00:15:39Z">
      <class name="testscripts.TC_Header">
        <test-method status="PASS" signature="Setup(java.lang.String)[pri:0, instance:testscripts.TC_Header@4883b407]" name="Setup" is-config="true" duration-ms="14321" started-at="2017-02-10T16:15:20Z" finished-at="2017-02-10T16:15:35Z">
          <params>
            <param index="0">
              <value>
                <![CDATA[Chrome]]>
              </value>
            </param>
          </params>
          <reporter-output>
          </reporter-output>
        </test-method> <!-- Setup -->
        <test-method status="PASS" signature="ApplicationHeader()[pri:0, instance:testscripts.TC_Header@4883b407]" name="ApplicationHeader" duration-ms="1440" started-at="2017-02-10T16:15:35Z" finished-at="2017-02-10T16:15:36Z">
          <reporter-output>
          </reporter-output>
        </test-method> <!-- ApplicationHeader -->
        <test-method status="PASS" signature="FailedScreenshot(org.testng.ITestResult)[pri:0, instance:testscripts.TC_Header@4883b407]" name="FailedScreenshot" is-config="true" duration-ms="1" started-at="2017-02-10T16:15:36Z" finished-at="2017-02-10T16:15:36Z">
          <params>
            <param index="0">
              <value>
                <![CDATA[[TestResult name=ApplicationHeader status=SUCCESS method=TC_Header.ApplicationHeader()[pri:0, instance:testscripts.TC_Header@4883b407] output={null}]]]>
              </value>
            </param>
          </params>
          <reporter-output>
          </reporter-output>
        </test-method> <!-- FailedScreenshot -->
        <test-method status="PASS" signature="Teardown()[pri:0, instance:testscripts.TC_Header@4883b407]" name="Teardown" is-config="true" duration-ms="3146" started-at="2017-02-10T16:15:36Z" finished-at="2017-02-10T16:15:39Z">
          <reporter-output>
          </reporter-output>
        </test-method> <!-- Teardown -->
      </class> <!-- testscripts.TC_Header -->
    </test> <!-- HeaderTest -->
  </suite> <!-- HeaderSuite -->
</testng-results>
