<?xml version="1.0" encoding="UTF-8"?>
<testng-results skipped="0" failed="1" total="3" passed="2">
  <reporter-output>
  </reporter-output>
  <suite name="Suite" duration-ms="131811" started-at="2017-03-17T01:18:23Z" finished-at="2017-03-17T01:20:35Z">
    <groups>
    </groups>
    <test name="Test1" duration-ms="52468" started-at="2017-03-17T01:18:23Z" finished-at="2017-03-17T01:19:16Z">
      <class name="tc.eobao.rbs.RBS_ST1">
        <test-method status="PASS" signature="setup(java.lang.String)[pri:0, instance:tc.eobao.rbs.RBS_ST1@3abbfa04]" name="setup" is-config="true" duration-ms="2000" started-at="2017-03-16T18:18:25Z" finished-at="2017-03-16T18:18:27Z">
          <params>
            <param index="0">
              <value>
                <![CDATA[TD001]]>
              </value>
            </param>
          </params>
          <reporter-output>
          </reporter-output>
        </test-method> <!-- setup -->
        <test-method status="PASS" signature="ApplicationLaunch(java.lang.String)[pri:0, instance:tc.eobao.rbs.RBS_ST1@3abbfa04]" name="ApplicationLaunch" is-config="true" duration-ms="12543" started-at="2017-03-16T18:18:27Z" finished-at="2017-03-16T18:18:39Z">
          <params>
            <param index="0">
              <value>
                <![CDATA[Chrome]]>
              </value>
            </param>
          </params>
          <reporter-output>
          </reporter-output>
        </test-method> <!-- ApplicationLaunch -->
        <test-method status="PASS" signature="Beforemethod()[pri:0, instance:tc.eobao.rbs.RBS_ST1@3abbfa04]" name="Beforemethod" is-config="true" duration-ms="4" started-at="2017-03-16T18:18:39Z" finished-at="2017-03-16T18:18:39Z">
          <reporter-output>
          </reporter-output>
        </test-method> <!-- Beforemethod -->
        <test-method status="PASS" signature="soletrader(java.lang.String, java.lang.String)[pri:0, instance:tc.eobao.rbs.RBS_ST1@3abbfa04]" name="soletrader" duration-ms="32923" started-at="2017-03-16T18:18:39Z" finished-at="2017-03-16T18:19:12Z">
          <params>
            <param index="0">
              <value>
                <![CDATA[TD001]]>
              </value>
            </param>
            <param index="1">
              <value>
                <![CDATA[Chrome]]>
              </value>
            </param>
          </params>
          <reporter-output>
          </reporter-output>
        </test-method> <!-- soletrader -->
        <test-method status="PASS" signature="Aftermethod()[pri:0, instance:tc.eobao.rbs.RBS_ST1@3abbfa04]" name="Aftermethod" is-config="true" duration-ms="0" started-at="2017-03-16T18:19:14Z" finished-at="2017-03-16T18:19:14Z">
          <reporter-output>
          </reporter-output>
        </test-method> <!-- Aftermethod -->
        <test-method status="PASS" signature="browserClose()[pri:0, instance:tc.eobao.rbs.RBS_ST1@3abbfa04]" name="browserClose" is-config="true" duration-ms="1688" started-at="2017-03-16T18:19:14Z" finished-at="2017-03-16T18:19:16Z">
          <reporter-output>
          </reporter-output>
        </test-method> <!-- browserClose -->
        <test-method status="PASS" signature="Aftertest()[pri:0, instance:tc.eobao.rbs.RBS_ST1@3abbfa04]" name="Aftertest" is-config="true" duration-ms="0" started-at="2017-03-16T18:19:16Z" finished-at="2017-03-16T18:19:16Z">
          <reporter-output>
          </reporter-output>
        </test-method> <!-- Aftertest -->
      </class> <!-- tc.eobao.rbs.RBS_ST1 -->
    </test> <!-- Test1 -->
    <test name="Test2" duration-ms="36024" started-at="2017-03-17T01:19:16Z" finished-at="2017-03-17T01:19:52Z">
      <class name="tc.eobao.rbs.RBS_ST1">
        <test-method status="PASS" signature="setup(java.lang.String)[pri:0, instance:tc.eobao.rbs.RBS_ST1@25bbe1b6]" name="setup" is-config="true" duration-ms="63" started-at="2017-03-16T18:19:16Z" finished-at="2017-03-16T18:19:16Z">
          <params>
            <param index="0">
              <value>
                <![CDATA[TD003]]>
              </value>
            </param>
          </params>
          <reporter-output>
          </reporter-output>
        </test-method> <!-- setup -->
        <test-method status="PASS" signature="ApplicationLaunch(java.lang.String)[pri:0, instance:tc.eobao.rbs.RBS_ST1@25bbe1b6]" name="ApplicationLaunch" is-config="true" duration-ms="10243" started-at="2017-03-16T18:19:16Z" finished-at="2017-03-16T18:19:26Z">
          <params>
            <param index="0">
              <value>
                <![CDATA[Chrome]]>
              </value>
            </param>
          </params>
          <reporter-output>
          </reporter-output>
        </test-method> <!-- ApplicationLaunch -->
        <test-method status="FAIL" signature="soletrader(java.lang.String, java.lang.String)[pri:0, instance:tc.eobao.rbs.RBS_ST1@25bbe1b6]" name="soletrader" duration-ms="23133" started-at="2017-03-16T18:19:26Z" finished-at="2017-03-16T18:19:49Z">
          <params>
            <param index="0">
              <value>
                <![CDATA[TD003]]>
              </value>
            </param>
            <param index="1">
              <value>
                <![CDATA[Chrome]]>
              </value>
            </param>
          </params>
          <exception class="java.lang.AssertionError">
            <message>
              <![CDATA[expected [false] but found [true]]]>
            </message>
            <full-stacktrace>
              <![CDATA[java.lang.AssertionError: expected [false] but found [true]
	at org.testng.Assert.fail(Assert.java:94)
	at org.testng.Assert.failNotEquals(Assert.java:494)
	at org.testng.Assert.assertFalse(Assert.java:63)
	at org.testng.Assert.assertFalse(Assert.java:73)
	at tc.eobao.rbs.RBS_ST1.soletrader(RBS_ST1.java:79)
	at sun.reflect.NativeMethodAccessorImpl.invoke0(Native Method)
	at sun.reflect.NativeMethodAccessorImpl.invoke(NativeMethodAccessorImpl.java:62)
	at sun.reflect.DelegatingMethodAccessorImpl.invoke(DelegatingMethodAccessorImpl.java:43)
	at java.lang.reflect.Method.invoke(Method.java:498)
	at org.testng.internal.MethodInvocationHelper.invokeMethod(MethodInvocationHelper.java:80)
	at org.testng.internal.Invoker.invokeMethod(Invoker.java:714)
	at org.testng.internal.Invoker.invokeTestMethod(Invoker.java:901)
	at org.testng.internal.Invoker.invokeTestMethods(Invoker.java:1231)
	at org.testng.internal.TestMethodWorker.invokeTestMethods(TestMethodWorker.java:127)
	at org.testng.internal.TestMethodWorker.run(TestMethodWorker.java:111)
	at org.testng.TestRunner.privateRun(TestRunner.java:767)
	at org.testng.TestRunner.run(TestRunner.java:617)
	at org.testng.SuiteRunner.runTest(SuiteRunner.java:334)
	at org.testng.SuiteRunner.runSequentially(SuiteRunner.java:329)
	at org.testng.SuiteRunner.privateRun(SuiteRunner.java:291)
	at org.testng.SuiteRunner.run(SuiteRunner.java:240)
	at org.testng.SuiteRunnerWorker.runSuite(SuiteRunnerWorker.java:52)
	at org.testng.SuiteRunnerWorker.run(SuiteRunnerWorker.java:86)
	at org.testng.TestNG.runSuitesSequentially(TestNG.java:1198)
	at org.testng.TestNG.runSuitesLocally(TestNG.java:1123)
	at org.testng.TestNG.run(TestNG.java:1031)
	at org.testng.remote.AbstractRemoteTestNG.run(AbstractRemoteTestNG.java:132)
	at org.testng.remote.RemoteTestNG.initAndRun(RemoteTestNG.java:236)
	at org.testng.remote.RemoteTestNG.main(RemoteTestNG.java:81)
]]>
            </full-stacktrace>
          </exception> <!-- java.lang.AssertionError -->
          <reporter-output>
          </reporter-output>
        </test-method> <!-- soletrader -->
        <test-method status="PASS" signature="Beforemethod()[pri:0, instance:tc.eobao.rbs.RBS_ST1@25bbe1b6]" name="Beforemethod" is-config="true" duration-ms="0" started-at="2017-03-16T18:19:26Z" finished-at="2017-03-16T18:19:26Z">
          <reporter-output>
          </reporter-output>
        </test-method> <!-- Beforemethod -->
        <test-method status="PASS" signature="Aftermethod()[pri:0, instance:tc.eobao.rbs.RBS_ST1@25bbe1b6]" name="Aftermethod" is-config="true" duration-ms="0" started-at="2017-03-16T18:19:51Z" finished-at="2017-03-16T18:19:51Z">
          <reporter-output>
          </reporter-output>
        </test-method> <!-- Aftermethod -->
        <test-method status="PASS" signature="browserClose()[pri:0, instance:tc.eobao.rbs.RBS_ST1@25bbe1b6]" name="browserClose" is-config="true" duration-ms="1234" started-at="2017-03-16T18:19:51Z" finished-at="2017-03-16T18:19:52Z">
          <reporter-output>
          </reporter-output>
        </test-method> <!-- browserClose -->
        <test-method status="PASS" signature="Aftertest()[pri:0, instance:tc.eobao.rbs.RBS_ST1@25bbe1b6]" name="Aftertest" is-config="true" duration-ms="0" started-at="2017-03-16T18:19:52Z" finished-at="2017-03-16T18:19:52Z">
          <reporter-output>
          </reporter-output>
        </test-method> <!-- Aftertest -->
      </class> <!-- tc.eobao.rbs.RBS_ST1 -->
    </test> <!-- Test2 -->
    <test name="Test3" duration-ms="43178" started-at="2017-03-17T01:19:52Z" finished-at="2017-03-17T01:20:35Z">
      <class name="tc.eobao.rbs.RBS_ST1">
        <test-method status="PASS" signature="setup(java.lang.String)[pri:0, instance:tc.eobao.rbs.RBS_ST1@29ca901e]" name="setup" is-config="true" duration-ms="63" started-at="2017-03-16T18:19:52Z" finished-at="2017-03-16T18:19:52Z">
          <params>
            <param index="0">
              <value>
                <![CDATA[TD002]]>
              </value>
            </param>
          </params>
          <reporter-output>
          </reporter-output>
        </test-method> <!-- setup -->
        <test-method status="PASS" signature="ApplicationLaunch(java.lang.String)[pri:0, instance:tc.eobao.rbs.RBS_ST1@29ca901e]" name="ApplicationLaunch" is-config="true" duration-ms="22143" started-at="2017-03-16T18:19:52Z" finished-at="2017-03-16T18:20:14Z">
          <params>
            <param index="0">
              <value>
                <![CDATA[Firefox]]>
              </value>
            </param>
          </params>
          <reporter-output>
          </reporter-output>
        </test-method> <!-- ApplicationLaunch -->
        <test-method status="PASS" signature="Beforemethod()[pri:0, instance:tc.eobao.rbs.RBS_ST1@29ca901e]" name="Beforemethod" is-config="true" duration-ms="1" started-at="2017-03-16T18:20:14Z" finished-at="2017-03-16T18:20:14Z">
          <reporter-output>
          </reporter-output>
        </test-method> <!-- Beforemethod -->
        <test-method status="PASS" signature="soletrader(java.lang.String, java.lang.String)[pri:0, instance:tc.eobao.rbs.RBS_ST1@29ca901e]" name="soletrader" duration-ms="17657" started-at="2017-03-16T18:20:14Z" finished-at="2017-03-16T18:20:32Z">
          <params>
            <param index="0">
              <value>
                <![CDATA[TD002]]>
              </value>
            </param>
            <param index="1">
              <value>
                <![CDATA[Firefox]]>
              </value>
            </param>
          </params>
          <reporter-output>
          </reporter-output>
        </test-method> <!-- soletrader -->
        <test-method status="PASS" signature="Aftermethod()[pri:0, instance:tc.eobao.rbs.RBS_ST1@29ca901e]" name="Aftermethod" is-config="true" duration-ms="0" started-at="2017-03-16T18:20:33Z" finished-at="2017-03-16T18:20:33Z">
          <reporter-output>
          </reporter-output>
        </test-method> <!-- Aftermethod -->
        <test-method status="PASS" signature="browserClose()[pri:0, instance:tc.eobao.rbs.RBS_ST1@29ca901e]" name="browserClose" is-config="true" duration-ms="1798" started-at="2017-03-16T18:20:33Z" finished-at="2017-03-16T18:20:35Z">
          <reporter-output>
          </reporter-output>
        </test-method> <!-- browserClose -->
        <test-method status="PASS" signature="Aftertest()[pri:0, instance:tc.eobao.rbs.RBS_ST1@29ca901e]" name="Aftertest" is-config="true" duration-ms="0" started-at="2017-03-16T18:20:35Z" finished-at="2017-03-16T18:20:35Z">
          <reporter-output>
          </reporter-output>
        </test-method> <!-- Aftertest -->
      </class> <!-- tc.eobao.rbs.RBS_ST1 -->
    </test> <!-- Test3 -->
  </suite> <!-- Suite -->
</testng-results>
